[2022-10-01 18:31:26,788] {taskinstance.py:1159} INFO - Dependencies all met for <TaskInstance: main_dag.create_company_dim_table manual__2022-10-01T18:30:21.901555+00:00 [queued]>
[2022-10-01 18:31:26,809] {taskinstance.py:1159} INFO - Dependencies all met for <TaskInstance: main_dag.create_company_dim_table manual__2022-10-01T18:30:21.901555+00:00 [queued]>
[2022-10-01 18:31:26,810] {taskinstance.py:1356} INFO - 
--------------------------------------------------------------------------------
[2022-10-01 18:31:26,811] {taskinstance.py:1357} INFO - Starting attempt 1 of 1
[2022-10-01 18:31:26,812] {taskinstance.py:1358} INFO - 
--------------------------------------------------------------------------------
[2022-10-01 18:31:26,856] {taskinstance.py:1377} INFO - Executing <Task(PostgresOperator): create_company_dim_table> on 2022-10-01 18:30:21.901555+00:00
[2022-10-01 18:31:26,864] {standard_task_runner.py:52} INFO - Started process 371 to run task
[2022-10-01 18:31:26,878] {standard_task_runner.py:79} INFO - Running: ['***', 'tasks', 'run', 'main_dag', 'create_company_dim_table', 'manual__2022-10-01T18:30:21.901555+00:00', '--job-id', '36', '--raw', '--subdir', 'DAGS_FOLDER/main_dag.py', '--cfg-path', '/tmp/tmptqvwuexd', '--error-file', '/tmp/tmp9d6ih4xc']
[2022-10-01 18:31:26,879] {standard_task_runner.py:80} INFO - Job 36: Subtask create_company_dim_table
[2022-10-01 18:31:27,115] {task_command.py:369} INFO - Running <TaskInstance: main_dag.create_company_dim_table manual__2022-10-01T18:30:21.901555+00:00 [running]> on host 808935f509bc
[2022-10-01 18:31:27,471] {taskinstance.py:1571} INFO - Exporting the following env vars:
AIRFLOW_CTX_DAG_OWNER=***
AIRFLOW_CTX_DAG_ID=main_dag
AIRFLOW_CTX_TASK_ID=create_company_dim_table
AIRFLOW_CTX_EXECUTION_DATE=2022-10-01T18:30:21.901555+00:00
AIRFLOW_CTX_TRY_NUMBER=1
AIRFLOW_CTX_DAG_RUN_ID=manual__2022-10-01T18:30:21.901555+00:00
[2022-10-01 18:31:27,505] {base.py:68} INFO - Using connection ID 'postgres' for task execution.
[2022-10-01 18:31:27,526] {dbapi.py:208} INFO - Running statement: 
            CREATE TABLE IF NOT EXISTS company_dim_table (
                Company_Full_Name TEXT NOT NULL,
                Last_Price TEXT NOT NULL,
                Shariah TEXT NOT NULL,
                Sector TEXT NOT NULL,
                Company_Key TEXT NOT NULL
            );
        , parameters: None
[2022-10-01 18:31:27,631] {taskinstance.py:1400} INFO - Marking task as SUCCESS. dag_id=main_dag, task_id=create_company_dim_table, execution_date=20221001T183021, start_date=20221001T183126, end_date=20221001T183127
[2022-10-01 18:31:27,708] {local_task_job.py:156} INFO - Task exited with return code 0
[2022-10-01 18:31:27,873] {local_task_job.py:273} INFO - 1 downstream tasks scheduled from follow-on schedule check
