[2022-10-01 19:16:32,358] {taskinstance.py:1159} INFO - Dependencies all met for <TaskInstance: main_dag.store_fct_table manual__2022-10-01T19:14:46.238702+00:00 [queued]>
[2022-10-01 19:16:32,390] {taskinstance.py:1159} INFO - Dependencies all met for <TaskInstance: main_dag.store_fct_table manual__2022-10-01T19:14:46.238702+00:00 [queued]>
[2022-10-01 19:16:32,392] {taskinstance.py:1356} INFO - 
--------------------------------------------------------------------------------
[2022-10-01 19:16:32,394] {taskinstance.py:1357} INFO - Starting attempt 1 of 1
[2022-10-01 19:16:32,395] {taskinstance.py:1358} INFO - 
--------------------------------------------------------------------------------
[2022-10-01 19:16:32,442] {taskinstance.py:1377} INFO - Executing <Task(PythonOperator): store_fct_table> on 2022-10-01 19:14:46.238702+00:00
[2022-10-01 19:16:32,449] {standard_task_runner.py:52} INFO - Started process 1823 to run task
[2022-10-01 19:16:32,453] {standard_task_runner.py:79} INFO - Running: ['***', 'tasks', 'run', 'main_dag', 'store_fct_table', 'manual__2022-10-01T19:14:46.238702+00:00', '--job-id', '42', '--raw', '--subdir', 'DAGS_FOLDER/main_dag.py', '--cfg-path', '/tmp/tmp6w_lt978', '--error-file', '/tmp/tmps0qfoyoe']
[2022-10-01 19:16:32,462] {standard_task_runner.py:80} INFO - Job 42: Subtask store_fct_table
[2022-10-01 19:16:32,588] {task_command.py:369} INFO - Running <TaskInstance: main_dag.store_fct_table manual__2022-10-01T19:14:46.238702+00:00 [running]> on host 808935f509bc
[2022-10-01 19:16:32,723] {taskinstance.py:1571} INFO - Exporting the following env vars:
AIRFLOW_CTX_DAG_OWNER=***
AIRFLOW_CTX_DAG_ID=main_dag
AIRFLOW_CTX_TASK_ID=store_fct_table
AIRFLOW_CTX_EXECUTION_DATE=2022-10-01T19:14:46.238702+00:00
AIRFLOW_CTX_TRY_NUMBER=1
AIRFLOW_CTX_DAG_RUN_ID=manual__2022-10-01T19:14:46.238702+00:00
[2022-10-01 19:16:32,732] {postgres.py:127} INFO - Running copy expert: COPY fct_table FROM stdin WITH DELIMITER as ',', filename: df_fct_table.csv
[2022-10-01 19:16:32,766] {base.py:68} INFO - Using connection ID 'postgres' for task execution.
[2022-10-01 19:16:32,783] {python.py:173} INFO - Done. Returned value was: None
[2022-10-01 19:16:32,803] {taskinstance.py:1400} INFO - Marking task as SUCCESS. dag_id=main_dag, task_id=store_fct_table, execution_date=20221001T191446, start_date=20221001T191632, end_date=20221001T191632
[2022-10-01 19:16:32,840] {local_task_job.py:156} INFO - Task exited with return code 0
[2022-10-01 19:16:32,989] {local_task_job.py:273} INFO - 1 downstream tasks scheduled from follow-on schedule check
