[2022-10-01 18:31:53,177] {taskinstance.py:1159} INFO - Dependencies all met for <TaskInstance: main_dag.create_stock_dim_table manual__2022-10-01T18:30:21.901555+00:00 [queued]>
[2022-10-01 18:31:53,194] {taskinstance.py:1159} INFO - Dependencies all met for <TaskInstance: main_dag.create_stock_dim_table manual__2022-10-01T18:30:21.901555+00:00 [queued]>
[2022-10-01 18:31:53,196] {taskinstance.py:1356} INFO - 
--------------------------------------------------------------------------------
[2022-10-01 18:31:53,196] {taskinstance.py:1357} INFO - Starting attempt 1 of 1
[2022-10-01 18:31:53,196] {taskinstance.py:1358} INFO - 
--------------------------------------------------------------------------------
[2022-10-01 18:31:53,223] {taskinstance.py:1377} INFO - Executing <Task(PostgresOperator): create_stock_dim_table> on 2022-10-01 18:30:21.901555+00:00
[2022-10-01 18:31:53,229] {standard_task_runner.py:52} INFO - Started process 386 to run task
[2022-10-01 18:31:53,232] {standard_task_runner.py:79} INFO - Running: ['***', 'tasks', 'run', 'main_dag', 'create_stock_dim_table', 'manual__2022-10-01T18:30:21.901555+00:00', '--job-id', '38', '--raw', '--subdir', 'DAGS_FOLDER/main_dag.py', '--cfg-path', '/tmp/tmpdk65ba8a', '--error-file', '/tmp/tmp1fxman43']
[2022-10-01 18:31:53,233] {standard_task_runner.py:80} INFO - Job 38: Subtask create_stock_dim_table
[2022-10-01 18:31:53,306] {task_command.py:369} INFO - Running <TaskInstance: main_dag.create_stock_dim_table manual__2022-10-01T18:30:21.901555+00:00 [running]> on host 808935f509bc
[2022-10-01 18:31:53,409] {taskinstance.py:1571} INFO - Exporting the following env vars:
AIRFLOW_CTX_DAG_OWNER=***
AIRFLOW_CTX_DAG_ID=main_dag
AIRFLOW_CTX_TASK_ID=create_stock_dim_table
AIRFLOW_CTX_EXECUTION_DATE=2022-10-01T18:30:21.901555+00:00
AIRFLOW_CTX_TRY_NUMBER=1
AIRFLOW_CTX_DAG_RUN_ID=manual__2022-10-01T18:30:21.901555+00:00
[2022-10-01 18:31:53,425] {base.py:68} INFO - Using connection ID 'postgres' for task execution.
[2022-10-01 18:31:53,430] {dbapi.py:208} INFO - Running statement: 
            CREATE TABLE IF NOT EXISTS stock_dim_table (
                Stock_Short_Name TEXT NOT NULL,
                Stock_Code TEXT NOT NULL,
                Market_Name TEXT NOT NULL,
                Stock_Key TEXT NOT NULL
            );
        , parameters: None
[2022-10-01 18:31:54,047] {taskinstance.py:1400} INFO - Marking task as SUCCESS. dag_id=main_dag, task_id=create_stock_dim_table, execution_date=20221001T183021, start_date=20221001T183153, end_date=20221001T183154
[2022-10-01 18:31:54,089] {local_task_job.py:156} INFO - Task exited with return code 0
[2022-10-01 18:31:54,151] {local_task_job.py:273} INFO - 1 downstream tasks scheduled from follow-on schedule check
