[2022-10-01 20:33:49,072] {taskinstance.py:1159} INFO - Dependencies all met for <TaskInstance: main_dag.store_company_dim_table manual__2022-10-01T20:32:26.291555+00:00 [queued]>
[2022-10-01 20:33:49,086] {taskinstance.py:1159} INFO - Dependencies all met for <TaskInstance: main_dag.store_company_dim_table manual__2022-10-01T20:32:26.291555+00:00 [queued]>
[2022-10-01 20:33:49,086] {taskinstance.py:1356} INFO - 
--------------------------------------------------------------------------------
[2022-10-01 20:33:49,087] {taskinstance.py:1357} INFO - Starting attempt 1 of 1
[2022-10-01 20:33:49,087] {taskinstance.py:1358} INFO - 
--------------------------------------------------------------------------------
[2022-10-01 20:33:49,109] {taskinstance.py:1377} INFO - Executing <Task(PythonOperator): store_company_dim_table> on 2022-10-01 20:32:26.291555+00:00
[2022-10-01 20:33:49,116] {standard_task_runner.py:52} INFO - Started process 1949 to run task
[2022-10-01 20:33:49,120] {standard_task_runner.py:79} INFO - Running: ['***', 'tasks', 'run', 'main_dag', 'store_company_dim_table', 'manual__2022-10-01T20:32:26.291555+00:00', '--job-id', '100', '--raw', '--subdir', 'DAGS_FOLDER/main_dag.py', '--cfg-path', '/tmp/tmpqm810vwf', '--error-file', '/tmp/tmpjy37aj4a']
[2022-10-01 20:33:49,121] {standard_task_runner.py:80} INFO - Job 100: Subtask store_company_dim_table
[2022-10-01 20:33:49,287] {task_command.py:369} INFO - Running <TaskInstance: main_dag.store_company_dim_table manual__2022-10-01T20:32:26.291555+00:00 [running]> on host cb37a969dddb
[2022-10-01 20:33:49,395] {taskinstance.py:1571} INFO - Exporting the following env vars:
AIRFLOW_CTX_DAG_OWNER=***
AIRFLOW_CTX_DAG_ID=main_dag
AIRFLOW_CTX_TASK_ID=store_company_dim_table
AIRFLOW_CTX_EXECUTION_DATE=2022-10-01T20:32:26.291555+00:00
AIRFLOW_CTX_TRY_NUMBER=1
AIRFLOW_CTX_DAG_RUN_ID=manual__2022-10-01T20:32:26.291555+00:00
[2022-10-01 20:33:49,397] {postgres.py:127} INFO - Running copy expert: COPY company_dim_table (Company_Full_Name,Shariah,Sector,Company_Key) FROM stdin WITH DELIMITER as ',' CSV HEADER, filename: df_company_dim_table.csv
[2022-10-01 20:33:49,409] {base.py:68} INFO - Using connection ID 'postgres' for task execution.
[2022-10-01 20:33:49,417] {taskinstance.py:1889} ERROR - Task failed with exception
Traceback (most recent call last):
  File "/home/airflow/.local/lib/python3.7/site-packages/airflow/operators/python.py", line 171, in execute
    return_value = self.execute_callable()
  File "/home/airflow/.local/lib/python3.7/site-packages/airflow/operators/python.py", line 189, in execute_callable
    return self.python_callable(*self.op_args, **self.op_kwargs)
  File "/opt/airflow/dags/main_dag.py", line 28, in store_company_dim_table
    filename = 'df_company_dim_table.csv'
  File "/home/airflow/.local/lib/python3.7/site-packages/airflow/providers/postgres/hooks/postgres.py", line 135, in copy_expert
    cur.copy_expert(sql, file)
psycopg2.errors.NotNullViolation: null value in column "last_price" of relation "company_dim_table" violates not-null constraint
DETAIL:  Failing row contains (LEAPONETECH SOLUTIONS HOLDINGS BERHAD, null, No, Software, 2519).
CONTEXT:  COPY company_dim_table, line 2: "LEAPONETECH SOLUTIONS HOLDINGS BERHAD,No,Software,2519"

[2022-10-01 20:33:49,544] {taskinstance.py:1400} INFO - Marking task as FAILED. dag_id=main_dag, task_id=store_company_dim_table, execution_date=20221001T203226, start_date=20221001T203349, end_date=20221001T203349
[2022-10-01 20:33:49,561] {standard_task_runner.py:97} ERROR - Failed to execute job 100 for task store_company_dim_table (null value in column "last_price" of relation "company_dim_table" violates not-null constraint
DETAIL:  Failing row contains (LEAPONETECH SOLUTIONS HOLDINGS BERHAD, null, No, Software, 2519).
CONTEXT:  COPY company_dim_table, line 2: "LEAPONETECH SOLUTIONS HOLDINGS BERHAD,No,Software,2519"
; 1949)
[2022-10-01 20:33:49,574] {local_task_job.py:156} INFO - Task exited with return code 1
[2022-10-01 20:33:49,630] {local_task_job.py:273} INFO - 0 downstream tasks scheduled from follow-on schedule check
