[2022-10-01 19:51:28,612] {taskinstance.py:1159} INFO - Dependencies all met for <TaskInstance: main_dag.store_fct_table manual__2022-10-01T19:50:36.183945+00:00 [queued]>
[2022-10-01 19:51:28,632] {taskinstance.py:1159} INFO - Dependencies all met for <TaskInstance: main_dag.store_fct_table manual__2022-10-01T19:50:36.183945+00:00 [queued]>
[2022-10-01 19:51:28,632] {taskinstance.py:1356} INFO - 
--------------------------------------------------------------------------------
[2022-10-01 19:51:28,633] {taskinstance.py:1357} INFO - Starting attempt 1 of 1
[2022-10-01 19:51:28,633] {taskinstance.py:1358} INFO - 
--------------------------------------------------------------------------------
[2022-10-01 19:51:28,663] {taskinstance.py:1377} INFO - Executing <Task(PythonOperator): store_fct_table> on 2022-10-01 19:50:36.183945+00:00
[2022-10-01 19:51:28,674] {standard_task_runner.py:52} INFO - Started process 585 to run task
[2022-10-01 19:51:28,678] {standard_task_runner.py:79} INFO - Running: ['***', 'tasks', 'run', 'main_dag', 'store_fct_table', 'manual__2022-10-01T19:50:36.183945+00:00', '--job-id', '64', '--raw', '--subdir', 'DAGS_FOLDER/main_dag.py', '--cfg-path', '/tmp/tmpmalmgr6g', '--error-file', '/tmp/tmpwaraqg3q']
[2022-10-01 19:51:28,690] {standard_task_runner.py:80} INFO - Job 64: Subtask store_fct_table
[2022-10-01 19:51:28,795] {task_command.py:369} INFO - Running <TaskInstance: main_dag.store_fct_table manual__2022-10-01T19:50:36.183945+00:00 [running]> on host cb37a969dddb
[2022-10-01 19:51:29,578] {taskinstance.py:1571} INFO - Exporting the following env vars:
AIRFLOW_CTX_DAG_OWNER=***
AIRFLOW_CTX_DAG_ID=main_dag
AIRFLOW_CTX_TASK_ID=store_fct_table
AIRFLOW_CTX_EXECUTION_DATE=2022-10-01T19:50:36.183945+00:00
AIRFLOW_CTX_TRY_NUMBER=1
AIRFLOW_CTX_DAG_RUN_ID=manual__2022-10-01T19:50:36.183945+00:00
[2022-10-01 19:51:29,635] {postgres.py:127} INFO - Running copy expert: COPY fct_table FROM stdin WITH DELIMITER as ',' CSV HEADER, filename: df_fct_table.csv
[2022-10-01 19:51:29,661] {base.py:68} INFO - Using connection ID 'postgres' for task execution.
[2022-10-01 19:51:29,724] {python.py:173} INFO - Done. Returned value was: None
[2022-10-01 19:51:29,745] {taskinstance.py:1400} INFO - Marking task as SUCCESS. dag_id=main_dag, task_id=store_fct_table, execution_date=20221001T195036, start_date=20221001T195128, end_date=20221001T195129
[2022-10-01 19:51:29,784] {local_task_job.py:156} INFO - Task exited with return code 0
[2022-10-01 19:51:29,849] {local_task_job.py:273} INFO - 1 downstream tasks scheduled from follow-on schedule check
