[2022-10-02 00:00:01,691] {taskinstance.py:1159} INFO - Dependencies all met for <TaskInstance: main_dag.web_scraping scheduled__2022-10-01T00:00:00+00:00 [queued]>
[2022-10-02 00:00:01,703] {taskinstance.py:1159} INFO - Dependencies all met for <TaskInstance: main_dag.web_scraping scheduled__2022-10-01T00:00:00+00:00 [queued]>
[2022-10-02 00:00:01,704] {taskinstance.py:1356} INFO - 
--------------------------------------------------------------------------------
[2022-10-02 00:00:01,704] {taskinstance.py:1357} INFO - Starting attempt 1 of 1
[2022-10-02 00:00:01,705] {taskinstance.py:1358} INFO - 
--------------------------------------------------------------------------------
[2022-10-02 00:00:01,728] {taskinstance.py:1377} INFO - Executing <Task(PythonOperator): web_scraping> on 2022-10-01 00:00:00+00:00
[2022-10-02 00:00:01,736] {standard_task_runner.py:52} INFO - Started process 5224 to run task
[2022-10-02 00:00:01,743] {standard_task_runner.py:79} INFO - Running: ['***', 'tasks', 'run', 'main_dag', 'web_scraping', 'scheduled__2022-10-01T00:00:00+00:00', '--job-id', '119', '--raw', '--subdir', 'DAGS_FOLDER/main_dag.py', '--cfg-path', '/tmp/tmpz4hg6u6a', '--error-file', '/tmp/tmp1__yo8us']
[2022-10-02 00:00:01,745] {standard_task_runner.py:80} INFO - Job 119: Subtask web_scraping
[2022-10-02 00:00:01,824] {task_command.py:369} INFO - Running <TaskInstance: main_dag.web_scraping scheduled__2022-10-01T00:00:00+00:00 [running]> on host 8fa0dcc1c8f5
[2022-10-02 00:00:01,922] {taskinstance.py:1571} INFO - Exporting the following env vars:
AIRFLOW_CTX_DAG_OWNER=***
AIRFLOW_CTX_DAG_ID=main_dag
AIRFLOW_CTX_TASK_ID=web_scraping
AIRFLOW_CTX_EXECUTION_DATE=2022-10-01T00:00:00+00:00
AIRFLOW_CTX_TRY_NUMBER=1
AIRFLOW_CTX_DAG_RUN_ID=scheduled__2022-10-01T00:00:00+00:00
[2022-10-02 00:01:42,803] {logging_mixin.py:115} INFO - this is df market final       0
0  LEAP
1  MAIN
0  MAIN
1  MAIN
2   ETF
3  MAIN
4  MAIN
5  MAIN
6  LEAP
7  MAIN
[2022-10-02 00:01:42,808] {logging_mixin.py:115} INFO - this is shariah list (997, 2)
[2022-10-02 00:01:42,815] {logging_mixin.py:115} INFO - this is shariah head                                        Shariah_links Shariah_final
0  https://www.malaysiastock.biz/App_Themes/image...            No
1  https://www.malaysiastock.biz/App_Themes/image...           Yes
0  https://www.malaysiastock.biz/App_Themes/image...           Yes
1  https://www.malaysiastock.biz/App_Themes/image...           Yes
2  https://www.malaysiastock.biz/App_Themes/image...            No
3  https://www.malaysiastock.biz/App_Themes/image...           Yes
4  https://www.malaysiastock.biz/App_Themes/image...           Yes
5  https://www.malaysiastock.biz/App_Themes/image...            No
6  https://www.malaysiastock.biz/App_Themes/image...           Yes
7  https://www.malaysiastock.biz/App_Themes/image...           Yes
[2022-10-02 00:01:42,818] {logging_mixin.py:115} INFO - unique value of shariah is: ['']
[2022-10-02 00:01:42,818] {logging_mixin.py:115} INFO - This is market head
[2022-10-02 00:01:42,823] {logging_mixin.py:115} INFO -    Market_Name
0        LEAP
1        MAIN
0        MAIN
1        MAIN
2         ETF
3        MAIN
4        MAIN
5        MAIN
6        LEAP
7        MAIN
[2022-10-02 00:01:42,823] {logging_mixin.py:115} INFO - (997, 11)
[2022-10-02 00:01:42,850] {logging_mixin.py:115} INFO -                                              Company  ... Stock Short Name
0  1TECH (03041)LEAPONETECH SOLUTIONS HOLDINGS BE...  ...            1TECH
1              3A (0012)MAINTHREE-A RESOURCES BERHAD  ...               3A
0                 AASIA (7054)MAINASTRAL ASIA BERHAD  ...            AASIA
1                     AAX (5238)MAINAIRASIA X BERHAD  ...              AAX
2     ABFMY1 (0800EA)ETFABF MALAYSIA BOND INDEX FUND  ...           ABFMY1
3              ABLEGLOB (7167)MAINABLE GLOBAL BERHAD  ...         ABLEGLOB
4                 ABLEGRP (7086)MAINABLEGROUP BERHAD  ...          ABLEGRP
5       ABMB (2488)MAINALLIANCE BANK MALAYSIA BERHAD  ...             ABMB
6        ACEINNO (03028)LEAPACE INNOVATE ASIA BERHAD  ...          ACEINNO
7                ACME (7131)MAINACME HOLDINGS BERHAD  ...             ACME

[10 rows x 11 columns]
[2022-10-02 00:01:42,853] {logging_mixin.py:115} INFO - df temp head is:
[2022-10-02 00:01:42,883] {logging_mixin.py:115} INFO -                                               Company  ... Shariah_final
0  1TECH (03041)LEAPONETECH SOLUTIONS HOLDINGS BE...  ...            No
1              3A (0012)MAINTHREE-A RESOURCES BERHAD  ...           Yes
0                 AASIA (7054)MAINASTRAL ASIA BERHAD  ...           Yes
1                     AAX (5238)MAINAIRASIA X BERHAD  ...           Yes
2     ABFMY1 (0800EA)ETFABF MALAYSIA BOND INDEX FUND  ...            No
3              ABLEGLOB (7167)MAINABLE GLOBAL BERHAD  ...           Yes
4                 ABLEGRP (7086)MAINABLEGROUP BERHAD  ...           Yes
5       ABMB (2488)MAINALLIANCE BANK MALAYSIA BERHAD  ...            No
6        ACEINNO (03028)LEAPACE INNOVATE ASIA BERHAD  ...           Yes
7                ACME (7131)MAINACME HOLDINGS BERHAD  ...           Yes

[10 rows x 13 columns]
[2022-10-02 00:01:42,884] {logging_mixin.py:115} INFO - df temp shape is:
[2022-10-02 00:01:42,885] {logging_mixin.py:115} INFO -  (997, 13)
[2022-10-02 00:01:42,888] {logging_mixin.py:115} INFO - df_final head is:
[2022-10-02 00:01:42,916] {logging_mixin.py:115} INFO -                                               Company  ... Market_Name
0  1TECH (03041)LEAPONETECH SOLUTIONS HOLDINGS BE...  ...        LEAP
1              3A (0012)MAINTHREE-A RESOURCES BERHAD  ...        MAIN
2                 AASIA (7054)MAINASTRAL ASIA BERHAD  ...        MAIN
3                     AAX (5238)MAINAIRASIA X BERHAD  ...        MAIN
4     ABFMY1 (0800EA)ETFABF MALAYSIA BOND INDEX FUND  ...         ETF
5              ABLEGLOB (7167)MAINABLE GLOBAL BERHAD  ...        MAIN
6                 ABLEGRP (7086)MAINABLEGROUP BERHAD  ...        MAIN
7       ABMB (2488)MAINALLIANCE BANK MALAYSIA BERHAD  ...        MAIN
8        ACEINNO (03028)LEAPACE INNOVATE ASIA BERHAD  ...        LEAP
9                ACME (7131)MAINACME HOLDINGS BERHAD  ...        MAIN

[10 rows x 14 columns]
[2022-10-02 00:01:42,917] {logging_mixin.py:115} INFO - df_final shape is:
[2022-10-02 00:01:42,918] {logging_mixin.py:115} INFO -  (997, 14)
[2022-10-02 00:01:42,925] {logging_mixin.py:115} INFO - df_final head is:
[2022-10-02 00:01:42,955] {logging_mixin.py:115} INFO -                         Company Full Name  ... Stock_Key
0  LEAPONETECH SOLUTIONS HOLDINGS BERHAD  ...      4744
1           MAINTHREE-A RESOURCES BERHAD  ...      1545
2                 MAINASTRAL ASIA BERHAD  ...      7849
3                   MAINAIRASIA X BERHAD  ...      7402
4        ETFABF MALAYSIA BOND INDEX FUND  ...      3705
5                 MAINABLE GLOBAL BERHAD  ...      3000
6                   MAINABLEGROUP BERHAD  ...      8904
7      MAINALLIANCE BANK MALAYSIA BERHAD  ...      6649
8           LEAPACE INNOVATE ASIA BERHAD  ...      3208
9               MAINACME HOLDINGS BERHAD  ...      5600

[10 rows x 13 columns]
[2022-10-02 00:01:42,956] {logging_mixin.py:115} INFO - df_final shape is:
[2022-10-02 00:01:42,956] {logging_mixin.py:115} INFO -  (997, 13)
[2022-10-02 00:01:42,963] {logging_mixin.py:115} INFO - Index(['Market_Cap', 'Last_Price', 'Price–earnings_ratio', 'Dividend_yield',
       'Return_on_equity', 'Company_Key', 'Stock_Key'],
      dtype='object')
[2022-10-02 00:01:42,963] {logging_mixin.py:115} INFO - Index(['Company_Full_Name', 'Shariah', 'Sector', 'Company_Key'], dtype='object')
[2022-10-02 00:01:42,964] {logging_mixin.py:115} INFO - Index(['Stock_Short_Name', 'Stock_Code', 'Market_Name', 'Stock_Key'], dtype='object')
[2022-10-02 00:01:42,979] {python.py:173} INFO - Done. Returned value was: None
[2022-10-02 00:01:42,995] {taskinstance.py:1400} INFO - Marking task as SUCCESS. dag_id=main_dag, task_id=web_scraping, execution_date=20221001T000000, start_date=20221002T000001, end_date=20221002T000142
[2022-10-02 00:01:43,065] {local_task_job.py:156} INFO - Task exited with return code 0
[2022-10-02 00:01:43,124] {local_task_job.py:273} INFO - 1 downstream tasks scheduled from follow-on schedule check
