[2022-10-02 00:01:44,002] {taskinstance.py:1159} INFO - Dependencies all met for <TaskInstance: main_dag.create_fct_table scheduled__2022-10-01T00:00:00+00:00 [queued]>
[2022-10-02 00:01:44,021] {taskinstance.py:1159} INFO - Dependencies all met for <TaskInstance: main_dag.create_fct_table scheduled__2022-10-01T00:00:00+00:00 [queued]>
[2022-10-02 00:01:44,021] {taskinstance.py:1356} INFO - 
--------------------------------------------------------------------------------
[2022-10-02 00:01:44,022] {taskinstance.py:1357} INFO - Starting attempt 1 of 1
[2022-10-02 00:01:44,022] {taskinstance.py:1358} INFO - 
--------------------------------------------------------------------------------
[2022-10-02 00:01:44,050] {taskinstance.py:1377} INFO - Executing <Task(PostgresOperator): create_fct_table> on 2022-10-01 00:00:00+00:00
[2022-10-02 00:01:44,059] {standard_task_runner.py:52} INFO - Started process 5251 to run task
[2022-10-02 00:01:44,062] {standard_task_runner.py:79} INFO - Running: ['***', 'tasks', 'run', 'main_dag', 'create_fct_table', 'scheduled__2022-10-01T00:00:00+00:00', '--job-id', '120', '--raw', '--subdir', 'DAGS_FOLDER/main_dag.py', '--cfg-path', '/tmp/tmpdmkf9kc9', '--error-file', '/tmp/tmpv6a20j5m']
[2022-10-02 00:01:44,064] {standard_task_runner.py:80} INFO - Job 120: Subtask create_fct_table
[2022-10-02 00:01:44,147] {task_command.py:369} INFO - Running <TaskInstance: main_dag.create_fct_table scheduled__2022-10-01T00:00:00+00:00 [running]> on host 8fa0dcc1c8f5
[2022-10-02 00:01:44,264] {taskinstance.py:1571} INFO - Exporting the following env vars:
AIRFLOW_CTX_DAG_OWNER=***
AIRFLOW_CTX_DAG_ID=main_dag
AIRFLOW_CTX_TASK_ID=create_fct_table
AIRFLOW_CTX_EXECUTION_DATE=2022-10-01T00:00:00+00:00
AIRFLOW_CTX_TRY_NUMBER=1
AIRFLOW_CTX_DAG_RUN_ID=scheduled__2022-10-01T00:00:00+00:00
[2022-10-02 00:01:44,285] {base.py:68} INFO - Using connection ID 'postgres' for task execution.
[2022-10-02 00:01:44,292] {dbapi.py:208} INFO - Running statement: 
            CREATE TABLE IF NOT EXISTS fct_table (
                Market_Cap TEXT NOT NULL,
                Last_Price TEXT NOT NULL,
                Price–earnings_ratio TEXT NOT NULL,
                Dividend_yield TEXT NOT NULL,
                Return_on_equity TEXT NOT NULL,
                Company_Key TEXT NOT NULL,
                Stock_Key TEXT NOT NULL
            );
        , parameters: None
[2022-10-02 00:01:44,294] {postgres.py:94} INFO - NOTICE:  relation "fct_table" already exists, skipping

[2022-10-02 00:01:44,321] {taskinstance.py:1400} INFO - Marking task as SUCCESS. dag_id=main_dag, task_id=create_fct_table, execution_date=20221001T000000, start_date=20221002T000144, end_date=20221002T000144
[2022-10-02 00:01:44,356] {local_task_job.py:156} INFO - Task exited with return code 0
[2022-10-02 00:01:44,441] {local_task_job.py:273} INFO - 1 downstream tasks scheduled from follow-on schedule check
