[2022-10-01 17:46:31,054] {taskinstance.py:1159} INFO - Dependencies all met for <TaskInstance: main_dag.store_fct_table manual__2022-10-01T17:44:46.601515+00:00 [queued]>
[2022-10-01 17:46:31,074] {taskinstance.py:1159} INFO - Dependencies all met for <TaskInstance: main_dag.store_fct_table manual__2022-10-01T17:44:46.601515+00:00 [queued]>
[2022-10-01 17:46:31,076] {taskinstance.py:1356} INFO - 
--------------------------------------------------------------------------------
[2022-10-01 17:46:31,076] {taskinstance.py:1357} INFO - Starting attempt 1 of 1
[2022-10-01 17:46:31,076] {taskinstance.py:1358} INFO - 
--------------------------------------------------------------------------------
[2022-10-01 17:46:31,106] {taskinstance.py:1377} INFO - Executing <Task(PythonOperator): store_fct_table> on 2022-10-01 17:44:46.601515+00:00
[2022-10-01 17:46:31,117] {standard_task_runner.py:52} INFO - Started process 993 to run task
[2022-10-01 17:46:31,135] {standard_task_runner.py:79} INFO - Running: ['***', 'tasks', 'run', 'main_dag', 'store_fct_table', 'manual__2022-10-01T17:44:46.601515+00:00', '--job-id', '21', '--raw', '--subdir', 'DAGS_FOLDER/main_dag.py', '--cfg-path', '/tmp/tmpjz2_8tvn', '--error-file', '/tmp/tmpc5zi8jzs']
[2022-10-01 17:46:31,139] {standard_task_runner.py:80} INFO - Job 21: Subtask store_fct_table
[2022-10-01 17:46:31,320] {task_command.py:369} INFO - Running <TaskInstance: main_dag.store_fct_table manual__2022-10-01T17:44:46.601515+00:00 [running]> on host 01cada5d86cb
[2022-10-01 17:46:31,471] {taskinstance.py:1571} INFO - Exporting the following env vars:
AIRFLOW_CTX_DAG_OWNER=***
AIRFLOW_CTX_DAG_ID=main_dag
AIRFLOW_CTX_TASK_ID=store_fct_table
AIRFLOW_CTX_EXECUTION_DATE=2022-10-01T17:44:46.601515+00:00
AIRFLOW_CTX_TRY_NUMBER=1
AIRFLOW_CTX_DAG_RUN_ID=manual__2022-10-01T17:44:46.601515+00:00
[2022-10-01 17:46:31,472] {postgres.py:127} INFO - Running copy expert: COPY fct_table FROM stdin WITH DELIMITER as ',', filename: df_fct_table.csv
[2022-10-01 17:46:31,488] {base.py:68} INFO - Using connection ID 'postgres' for task execution.
[2022-10-01 17:46:31,504] {python.py:173} INFO - Done. Returned value was: None
[2022-10-01 17:46:31,531] {taskinstance.py:1400} INFO - Marking task as SUCCESS. dag_id=main_dag, task_id=store_fct_table, execution_date=20221001T174446, start_date=20221001T174631, end_date=20221001T174631
[2022-10-01 17:46:31,588] {local_task_job.py:156} INFO - Task exited with return code 0
[2022-10-01 17:46:31,741] {local_task_job.py:273} INFO - 1 downstream tasks scheduled from follow-on schedule check
