[2022-10-01 17:46:12,926] {taskinstance.py:1159} INFO - Dependencies all met for <TaskInstance: main_dag.create_fct_table manual__2022-10-01T17:44:46.601515+00:00 [queued]>
[2022-10-01 17:46:12,941] {taskinstance.py:1159} INFO - Dependencies all met for <TaskInstance: main_dag.create_fct_table manual__2022-10-01T17:44:46.601515+00:00 [queued]>
[2022-10-01 17:46:12,941] {taskinstance.py:1356} INFO - 
--------------------------------------------------------------------------------
[2022-10-01 17:46:12,942] {taskinstance.py:1357} INFO - Starting attempt 1 of 1
[2022-10-01 17:46:12,942] {taskinstance.py:1358} INFO - 
--------------------------------------------------------------------------------
[2022-10-01 17:46:12,977] {taskinstance.py:1377} INFO - Executing <Task(PostgresOperator): create_fct_table> on 2022-10-01 17:44:46.601515+00:00
[2022-10-01 17:46:12,983] {standard_task_runner.py:52} INFO - Started process 981 to run task
[2022-10-01 17:46:12,989] {standard_task_runner.py:79} INFO - Running: ['***', 'tasks', 'run', 'main_dag', 'create_fct_table', 'manual__2022-10-01T17:44:46.601515+00:00', '--job-id', '20', '--raw', '--subdir', 'DAGS_FOLDER/main_dag.py', '--cfg-path', '/tmp/tmpiupuk9kg', '--error-file', '/tmp/tmp7v1eo5gk']
[2022-10-01 17:46:12,992] {standard_task_runner.py:80} INFO - Job 20: Subtask create_fct_table
[2022-10-01 17:46:13,072] {task_command.py:369} INFO - Running <TaskInstance: main_dag.create_fct_table manual__2022-10-01T17:44:46.601515+00:00 [running]> on host 01cada5d86cb
[2022-10-01 17:46:13,166] {taskinstance.py:1571} INFO - Exporting the following env vars:
AIRFLOW_CTX_DAG_OWNER=***
AIRFLOW_CTX_DAG_ID=main_dag
AIRFLOW_CTX_TASK_ID=create_fct_table
AIRFLOW_CTX_EXECUTION_DATE=2022-10-01T17:44:46.601515+00:00
AIRFLOW_CTX_TRY_NUMBER=1
AIRFLOW_CTX_DAG_RUN_ID=manual__2022-10-01T17:44:46.601515+00:00
[2022-10-01 17:46:13,178] {base.py:68} INFO - Using connection ID 'postgres' for task execution.
[2022-10-01 17:46:13,183] {dbapi.py:208} INFO - Running statement: 
            CREATE TABLE IF NOT EXISTS fct_table (
                Market_Cap TEXT NOT NULL,
                Last_Price TEXT NOT NULL,
                Price–earnings_ratio TEXT NOT NULL,
                Dividend_yield TEXT NOT NULL,
                Return_on_equity TEXT NOT NULL,
                Company_Key TEXT NOT NULL,
                Stock_Key TEXT NOT NULL
            );
        , parameters: None
[2022-10-01 17:46:13,227] {taskinstance.py:1400} INFO - Marking task as SUCCESS. dag_id=main_dag, task_id=create_fct_table, execution_date=20221001T174446, start_date=20221001T174612, end_date=20221001T174613
[2022-10-01 17:46:13,287] {local_task_job.py:156} INFO - Task exited with return code 0
[2022-10-01 17:46:13,369] {local_task_job.py:273} INFO - 1 downstream tasks scheduled from follow-on schedule check
