[2022-10-01 18:31:40,086] {taskinstance.py:1159} INFO - Dependencies all met for <TaskInstance: main_dag.store_company_dim_table manual__2022-10-01T18:30:21.901555+00:00 [queued]>
[2022-10-01 18:31:40,123] {taskinstance.py:1159} INFO - Dependencies all met for <TaskInstance: main_dag.store_company_dim_table manual__2022-10-01T18:30:21.901555+00:00 [queued]>
[2022-10-01 18:31:40,126] {taskinstance.py:1356} INFO - 
--------------------------------------------------------------------------------
[2022-10-01 18:31:40,126] {taskinstance.py:1357} INFO - Starting attempt 1 of 1
[2022-10-01 18:31:40,127] {taskinstance.py:1358} INFO - 
--------------------------------------------------------------------------------
[2022-10-01 18:31:40,193] {taskinstance.py:1377} INFO - Executing <Task(PythonOperator): store_company_dim_table> on 2022-10-01 18:30:21.901555+00:00
[2022-10-01 18:31:40,209] {standard_task_runner.py:52} INFO - Started process 383 to run task
[2022-10-01 18:31:40,229] {standard_task_runner.py:79} INFO - Running: ['***', 'tasks', 'run', 'main_dag', 'store_company_dim_table', 'manual__2022-10-01T18:30:21.901555+00:00', '--job-id', '37', '--raw', '--subdir', 'DAGS_FOLDER/main_dag.py', '--cfg-path', '/tmp/tmpfpk2zb5d', '--error-file', '/tmp/tmp9bgl9yl_']
[2022-10-01 18:31:40,257] {standard_task_runner.py:80} INFO - Job 37: Subtask store_company_dim_table
[2022-10-01 18:31:40,750] {task_command.py:369} INFO - Running <TaskInstance: main_dag.store_company_dim_table manual__2022-10-01T18:30:21.901555+00:00 [running]> on host 808935f509bc
[2022-10-01 18:31:41,160] {taskinstance.py:1571} INFO - Exporting the following env vars:
AIRFLOW_CTX_DAG_OWNER=***
AIRFLOW_CTX_DAG_ID=main_dag
AIRFLOW_CTX_TASK_ID=store_company_dim_table
AIRFLOW_CTX_EXECUTION_DATE=2022-10-01T18:30:21.901555+00:00
AIRFLOW_CTX_TRY_NUMBER=1
AIRFLOW_CTX_DAG_RUN_ID=manual__2022-10-01T18:30:21.901555+00:00
[2022-10-01 18:31:41,167] {postgres.py:127} INFO - Running copy expert: COPY company_dim_table FROM stdin WITH DELIMITER as ',', filename: company_dim_table.csv
[2022-10-01 18:31:41,198] {base.py:68} INFO - Using connection ID 'postgres' for task execution.
[2022-10-01 18:31:41,213] {python.py:173} INFO - Done. Returned value was: None
[2022-10-01 18:31:41,251] {taskinstance.py:1400} INFO - Marking task as SUCCESS. dag_id=main_dag, task_id=store_company_dim_table, execution_date=20221001T183021, start_date=20221001T183140, end_date=20221001T183141
[2022-10-01 18:31:41,362] {local_task_job.py:156} INFO - Task exited with return code 0
[2022-10-01 18:31:41,687] {local_task_job.py:273} INFO - 1 downstream tasks scheduled from follow-on schedule check
