[2022-10-01 20:27:09,706] {taskinstance.py:1159} INFO - Dependencies all met for <TaskInstance: main_dag.create_fct_table manual__2022-10-01T20:26:24.050134+00:00 [queued]>
[2022-10-01 20:27:09,718] {taskinstance.py:1159} INFO - Dependencies all met for <TaskInstance: main_dag.create_fct_table manual__2022-10-01T20:26:24.050134+00:00 [queued]>
[2022-10-01 20:27:09,718] {taskinstance.py:1356} INFO - 
--------------------------------------------------------------------------------
[2022-10-01 20:27:09,719] {taskinstance.py:1357} INFO - Starting attempt 1 of 1
[2022-10-01 20:27:09,719] {taskinstance.py:1358} INFO - 
--------------------------------------------------------------------------------
[2022-10-01 20:27:09,740] {taskinstance.py:1377} INFO - Executing <Task(PostgresOperator): create_fct_table> on 2022-10-01 20:26:24.050134+00:00
[2022-10-01 20:27:09,748] {standard_task_runner.py:52} INFO - Started process 1774 to run task
[2022-10-01 20:27:09,752] {standard_task_runner.py:79} INFO - Running: ['***', 'tasks', 'run', 'main_dag', 'create_fct_table', 'manual__2022-10-01T20:26:24.050134+00:00', '--job-id', '94', '--raw', '--subdir', 'DAGS_FOLDER/main_dag.py', '--cfg-path', '/tmp/tmp78y6775i', '--error-file', '/tmp/tmpo6odmjxc']
[2022-10-01 20:27:09,753] {standard_task_runner.py:80} INFO - Job 94: Subtask create_fct_table
[2022-10-01 20:27:09,827] {task_command.py:369} INFO - Running <TaskInstance: main_dag.create_fct_table manual__2022-10-01T20:26:24.050134+00:00 [running]> on host cb37a969dddb
[2022-10-01 20:27:09,935] {taskinstance.py:1571} INFO - Exporting the following env vars:
AIRFLOW_CTX_DAG_OWNER=***
AIRFLOW_CTX_DAG_ID=main_dag
AIRFLOW_CTX_TASK_ID=create_fct_table
AIRFLOW_CTX_EXECUTION_DATE=2022-10-01T20:26:24.050134+00:00
AIRFLOW_CTX_TRY_NUMBER=1
AIRFLOW_CTX_DAG_RUN_ID=manual__2022-10-01T20:26:24.050134+00:00
[2022-10-01 20:27:09,947] {base.py:68} INFO - Using connection ID 'postgres' for task execution.
[2022-10-01 20:27:09,951] {dbapi.py:208} INFO - Running statement: 
            CREATE TABLE IF NOT EXISTS fct_table (
                Market_Cap TEXT NOT NULL,
                Last_Price TEXT NOT NULL,
                Price–earnings_ratio TEXT NOT NULL,
                Dividend_yield TEXT NOT NULL,
                Return_on_equity TEXT NOT NULL,
                Company_Key TEXT NOT NULL,
                Stock_Key TEXT NOT NULL
            );
        , parameters: None
[2022-10-01 20:27:09,953] {postgres.py:94} INFO - NOTICE:  relation "fct_table" already exists, skipping

[2022-10-01 20:27:09,969] {taskinstance.py:1400} INFO - Marking task as SUCCESS. dag_id=main_dag, task_id=create_fct_table, execution_date=20221001T202624, start_date=20221001T202709, end_date=20221001T202709
[2022-10-01 20:27:10,005] {local_task_job.py:156} INFO - Task exited with return code 0
[2022-10-01 20:27:10,070] {local_task_job.py:273} INFO - 1 downstream tasks scheduled from follow-on schedule check
